<?xml version="1.0" encoding="UTF-8"?>
<!-- Generated by org.testng.reporters.JUnitReportReporter -->
<testsuite hostname="LAPTOP-FR1I5UIS" failures="0" tests="1" name="com.practice.DyanmicWebTable" time="35.315" errors="0" timestamp="2021-09-08T14:01:56 IST" skipped="0">
  <testcase classname="com.practice.DyanmicWebTable" name="handlingDynamicWebtable" time="35.315"/>
  <system-out/>
</testsuite> <!-- com.practice.DyanmicWebTable -->
