<?xml version="1.0" encoding="UTF-8"?>
<!-- Generated by org.testng.reporters.JUnitReportReporter -->
<testsuite hostname="LAPTOP-FR1I5UIS" failures="0" tests="1" name="com.crm.autodesk.OpportunitiesTest.CreateOpportunitiesWithSalesId" time="29.720" errors="0" timestamp="2021-09-18T14:29:16 IST" skipped="0">
  <testcase classname="com.crm.autodesk.OpportunitiesTest.CreateOpportunitiesWithSalesId" name="createOpportunitiesWithSalesIdTest" time="29.720"/>
  <system-out/>
</testsuite> <!-- com.crm.autodesk.OpportunitiesTest.CreateOpportunitiesWithSalesId -->
