<?xml version="1.0" encoding="UTF-8"?>
<!-- Generated by org.testng.reporters.JUnitReportReporter -->
<testsuite hostname="LAPTOP-FR1I5UIS" failures="0" tests="1" name="com.crm.autodesk.OpportunitiesTest.CreateOpportunitiesWithSalesPerception" time="27.796" errors="0" timestamp="2021-09-18T10:35:38 IST" skipped="0">
  <testcase classname="com.crm.autodesk.OpportunitiesTest.CreateOpportunitiesWithSalesPerception" name="createOpportunitiesWithSalesPerceptionTest" time="27.796"/>
  <system-out/>
</testsuite> <!-- com.crm.autodesk.OpportunitiesTest.CreateOpportunitiesWithSalesPerception -->
