<?xml version="1.0" encoding="UTF-8"?>
<!-- Generated by org.testng.reporters.JUnitReportReporter -->
<testsuite hostname="LAPTOP-FR1I5UIS" failures="0" tests="1" name="com.practice.ReadXMLData" time="0.014" errors="0" timestamp="2021-09-08T13:56:32 IST" skipped="0">
  <testcase classname="com.practice.ReadXMLData" name="readxml" time="0.014"/>
  <system-out/>
</testsuite> <!-- com.practice.ReadXMLData -->
